Performing C SOURCE FILE Test CMAKE_HAVE_LIBC_PTHREAD failed with the following output:
Change Dir: /home/fug/software/AIR-master/src/Build/CMakeFiles/CMakeTmp

Run Build Command(s):/usr/bin/make cmTC_ff2f7/fast && /usr/bin/make -f CMakeFiles/cmTC_ff2f7.dir/build.make CMakeFiles/cmTC_ff2f7.dir/build
make[1]: Entering directory '/home/fug/software/AIR-master/src/Build/CMakeFiles/CMakeTmp'
Building C object CMakeFiles/cmTC_ff2f7.dir/src.c.o
/usr/bin/cc   -fPIC -DCMAKE_HAVE_LIBC_PTHREAD   -o CMakeFiles/cmTC_ff2f7.dir/src.c.o   -c /home/fug/software/AIR-master/src/Build/CMakeFiles/CMakeTmp/src.c
Linking C executable cmTC_ff2f7
/usr/local/bin/cmake -E cmake_link_script CMakeFiles/cmTC_ff2f7.dir/link.txt --verbose=1
/usr/bin/cc -fPIC -DCMAKE_HAVE_LIBC_PTHREAD    -rdynamic CMakeFiles/cmTC_ff2f7.dir/src.c.o  -o cmTC_ff2f7 
CMakeFiles/cmTC_ff2f7.dir/src.c.o: In function `main':
src.c:(.text+0x3e): undefined reference to `pthread_create'
src.c:(.text+0x4a): undefined reference to `pthread_detach'
src.c:(.text+0x5b): undefined reference to `pthread_join'
src.c:(.text+0x6f): undefined reference to `pthread_atfork'
collect2: error: ld returned 1 exit status
CMakeFiles/cmTC_ff2f7.dir/build.make:86: recipe for target 'cmTC_ff2f7' failed
make[1]: *** [cmTC_ff2f7] Error 1
make[1]: Leaving directory '/home/fug/software/AIR-master/src/Build/CMakeFiles/CMakeTmp'
Makefile:121: recipe for target 'cmTC_ff2f7/fast' failed
make: *** [cmTC_ff2f7/fast] Error 2


Source file was:
#include <pthread.h>

void* test_func(void* data)
{
  return data;
}

int main(void)
{
  pthread_t thread;
  pthread_create(&thread, NULL, test_func, NULL);
  pthread_detach(thread);
  pthread_join(thread, NULL);
  pthread_atfork(NULL, NULL, NULL);
  pthread_exit(NULL);

  return 0;
}

Determining if the function pthread_create exists in the pthreads failed with the following output:
Change Dir: /home/fug/software/AIR-master/src/Build/CMakeFiles/CMakeTmp

Run Build Command(s):/usr/bin/make cmTC_1ec96/fast && /usr/bin/make -f CMakeFiles/cmTC_1ec96.dir/build.make CMakeFiles/cmTC_1ec96.dir/build
make[1]: Entering directory '/home/fug/software/AIR-master/src/Build/CMakeFiles/CMakeTmp'
Building C object CMakeFiles/cmTC_1ec96.dir/CheckFunctionExists.c.o
/usr/bin/cc   -fPIC -DCHECK_FUNCTION_EXISTS=pthread_create   -o CMakeFiles/cmTC_1ec96.dir/CheckFunctionExists.c.o   -c /usr/local/share/cmake-3.16/Modules/CheckFunctionExists.c
Linking C executable cmTC_1ec96
/usr/local/bin/cmake -E cmake_link_script CMakeFiles/cmTC_1ec96.dir/link.txt --verbose=1
/usr/bin/cc -fPIC -DCHECK_FUNCTION_EXISTS=pthread_create    -rdynamic CMakeFiles/cmTC_1ec96.dir/CheckFunctionExists.c.o  -o cmTC_1ec96  -lpthreads 
/usr/bin/ld: cannot find -lpthreads
collect2: error: ld returned 1 exit status
CMakeFiles/cmTC_1ec96.dir/build.make:86: recipe for target 'cmTC_1ec96' failed
make[1]: *** [cmTC_1ec96] Error 1
make[1]: Leaving directory '/home/fug/software/AIR-master/src/Build/CMakeFiles/CMakeTmp'
Makefile:121: recipe for target 'cmTC_1ec96/fast' failed
make: *** [cmTC_1ec96/fast] Error 2



